<<<<<<< HEAD
2025-07-19 21:19:16,099 - INFO - Database setup complete
2025-07-19 21:19:16,099 - INFO - Loading YOLO model...
2025-07-19 21:19:19,163 - INFO - YOLO model loaded successfully
2025-07-19 21:19:19,163 - INFO - Loading OCR model...
2025-07-19 21:19:19,163 - WARNING - Using CPU. Note: This module is much faster with a GPU.
2025-07-19 21:19:20,633 - INFO - OCR model loaded successfully
2025-07-19 21:19:20,633 - INFO - Gokul MetaTech Vehicle Recognition System initialized
2025-07-19 21:19:33,182 - ERROR - Failed to open camera: http://192.168.29.145:8080/video
2025-07-19 21:19:45,755 - INFO - Database setup complete
2025-07-19 21:19:45,756 - INFO - Loading YOLO model...
2025-07-19 21:19:45,780 - INFO - YOLO model loaded successfully
2025-07-19 21:19:45,780 - INFO - Loading OCR model...
2025-07-19 21:19:45,780 - WARNING - Using CPU. Note: This module is much faster with a GPU.
2025-07-19 21:19:47,141 - INFO - OCR model loaded successfully
2025-07-19 21:19:47,142 - INFO - Gokul MetaTech Vehicle Recognition System initialized
2025-07-19 21:19:47,209 - INFO - Camera opened successfully
2025-07-19 21:26:37,959 - INFO - Database setup complete
2025-07-19 21:26:37,959 - INFO - Loading YOLO model...
2025-07-19 21:26:37,981 - INFO - YOLO model loaded successfully
2025-07-19 21:26:37,981 - INFO - Loading OCR model...
2025-07-19 21:26:37,981 - WARNING - Using CPU. Note: This module is much faster with a GPU.
2025-07-19 21:26:39,498 - INFO - OCR model loaded successfully
2025-07-19 21:26:39,498 - INFO - Gokul MetaTech Vehicle Recognition System initialized
2025-07-19 21:26:39,802 - INFO - Camera opened successfully
2025-07-19 21:26:41,830 - DEBUG - Starting plate detection...
2025-07-19 21:26:42,119 - DEBUG - YOLO detected 0 objects
2025-07-19 21:26:44,161 - DEBUG - Starting plate detection...
2025-07-19 21:26:44,240 - DEBUG - YOLO detected 0 objects
2025-07-19 21:26:46,266 - DEBUG - Starting plate detection...
2025-07-19 21:26:46,357 - DEBUG - YOLO detected 0 objects
2025-07-19 21:26:48,368 - DEBUG - Starting plate detection...
2025-07-19 21:26:48,456 - DEBUG - YOLO detected 0 objects
2025-07-19 21:26:50,467 - DEBUG - Starting plate detection...
2025-07-19 21:26:50,539 - DEBUG - YOLO detected 0 objects
2025-07-19 21:26:52,556 - DEBUG - Starting plate detection...
2025-07-19 21:26:52,639 - DEBUG - YOLO detected 0 objects
2025-07-19 21:26:54,663 - DEBUG - Starting plate detection...
2025-07-19 21:26:54,755 - DEBUG - YOLO detected 0 objects
2025-07-19 21:26:56,771 - DEBUG - Starting plate detection...
2025-07-19 21:26:56,838 - DEBUG - YOLO detected 0 objects
2025-07-19 21:26:58,865 - DEBUG - Starting plate detection...
2025-07-19 21:26:58,953 - DEBUG - YOLO detected 0 objects
2025-07-19 21:27:00,957 - DEBUG - Starting plate detection...
2025-07-19 21:27:01,043 - DEBUG - YOLO detected 0 objects
2025-07-19 21:27:03,059 - DEBUG - Starting plate detection...
2025-07-19 21:27:03,139 - DEBUG - YOLO detected 0 objects
2025-07-19 21:27:05,160 - DEBUG - Starting plate detection...
2025-07-19 21:27:05,239 - DEBUG - YOLO detected 0 objects
2025-07-19 21:27:07,258 - DEBUG - Starting plate detection...
2025-07-19 21:27:07,338 - DEBUG - YOLO detected 0 objects
2025-07-19 21:27:09,356 - DEBUG - Starting plate detection...
2025-07-19 21:27:09,438 - DEBUG - YOLO detected 0 objects
2025-07-19 21:27:11,455 - DEBUG - Starting plate detection...
2025-07-19 21:27:11,538 - DEBUG - YOLO detected 0 objects
2025-07-19 21:27:13,539 - DEBUG - Starting plate detection...
2025-07-19 21:27:13,623 - DEBUG - YOLO detected 0 objects
2025-07-19 21:27:15,656 - DEBUG - Starting plate detection...
2025-07-19 21:27:15,738 - DEBUG - YOLO detected 0 objects
2025-07-19 21:27:17,766 - DEBUG - Starting plate detection...
2025-07-19 21:27:17,853 - DEBUG - YOLO detected 0 objects
2025-07-19 21:27:19,861 - DEBUG - Starting plate detection...
2025-07-19 21:27:19,939 - DEBUG - YOLO detected 1 objects
2025-07-19 21:27:19,939 - DEBUG - Object 1: confidence=0.508, class=6.0
2025-07-19 21:27:19,939 - DEBUG - Plate region size: (347, 614, 3)
2025-07-19 21:27:20,149 - DEBUG - Running OCR on processed plate
2025-07-19 21:27:21,121 - DEBUG - OCR results count: 3
2025-07-19 21:27:21,121 - DEBUG - OCR text 1: 'IND' confidence=0.998
2025-07-19 21:27:21,121 - DEBUG - OCR text 2: 'KA 19 EQ' confidence=0.884
2025-07-19 21:27:21,121 - DEBUG - OCR text 3: '0001' confidence=0.559
2025-07-19 21:27:21,121 - DEBUG - Final cleaned text: 'IND KA 19 EQ'
2025-07-19 21:27:21,121 - INFO - Plate detected: 'IND KA 19 EQ' confidence=0.508
2025-07-19 21:27:21,136 - DEBUG - Average color (RGB): (177.5, 178.3, 176.5)
2025-07-19 21:27:21,137 - DEBUG - Material Red Material (Iron Ore): score=0.572
2025-07-19 21:27:21,137 - DEBUG - Material Yellow Material (Sand): score=0.659
2025-07-19 21:27:21,137 - DEBUG - Material Brown Material (Coal): score=0.535
2025-07-19 21:27:21,137 - DEBUG - Material Gray Material (Cement): score=0.696
2025-07-19 21:27:21,137 - DEBUG - Material Green Material (Fertilizer): score=0.573
2025-07-19 21:27:21,137 - DEBUG - Material Blue Material (Chemicals): score=0.571
2025-07-19 21:27:21,139 - DEBUG - Material White Material (Limestone): score=0.911
2025-07-19 21:27:21,139 - DEBUG - Material Black Material (Coal): score=0.461
2025-07-19 21:27:21,139 - DEBUG - Best material: White Material (Limestone) (score: 0.911)
2025-07-19 21:27:21,140 - INFO - Vehicle detected: Plate: IND KA 19 EQ | Material: White Material (Limestone) | Time: 21:27:21
2025-07-19 21:27:21,152 - INFO - Detection copied to clipboard
2025-07-19 21:27:23,163 - DEBUG - Starting plate detection...
2025-07-19 21:27:23,256 - DEBUG - YOLO detected 0 objects
2025-07-19 21:27:25,262 - DEBUG - Starting plate detection...
2025-07-19 21:27:25,354 - DEBUG - YOLO detected 0 objects
2025-07-19 21:27:27,373 - DEBUG - Starting plate detection...
2025-07-19 21:27:27,454 - DEBUG - YOLO detected 0 objects
2025-07-19 21:27:29,460 - DEBUG - Starting plate detection...
2025-07-19 21:27:29,553 - DEBUG - YOLO detected 0 objects
2025-07-19 21:27:31,558 - DEBUG - Starting plate detection...
2025-07-19 21:27:31,654 - DEBUG - YOLO detected 0 objects
2025-07-19 21:27:33,670 - DEBUG - Starting plate detection...
2025-07-19 21:27:33,754 - DEBUG - YOLO detected 0 objects
2025-07-19 21:27:35,763 - DEBUG - Starting plate detection...
2025-07-19 21:27:35,854 - DEBUG - YOLO detected 0 objects
2025-07-19 21:27:37,862 - DEBUG - Starting plate detection...
2025-07-19 21:27:37,953 - DEBUG - YOLO detected 0 objects
2025-07-19 21:27:39,965 - DEBUG - Starting plate detection...
2025-07-19 21:27:40,054 - DEBUG - YOLO detected 0 objects
2025-07-19 21:27:42,061 - DEBUG - Starting plate detection...
2025-07-19 21:27:42,153 - DEBUG - YOLO detected 0 objects
2025-07-19 21:27:44,167 - DEBUG - Starting plate detection...
2025-07-19 21:27:44,260 - DEBUG - YOLO detected 0 objects
2025-07-19 21:27:46,261 - DEBUG - Starting plate detection...
2025-07-19 21:27:46,336 - DEBUG - YOLO detected 0 objects
2025-07-19 21:27:48,354 - DEBUG - Starting plate detection...
2025-07-19 21:27:48,451 - DEBUG - YOLO detected 0 objects
2025-07-19 21:27:50,468 - DEBUG - Starting plate detection...
2025-07-19 21:27:50,553 - DEBUG - YOLO detected 0 objects
2025-07-19 21:27:52,558 - DEBUG - Starting plate detection...
2025-07-19 21:27:52,653 - DEBUG - YOLO detected 0 objects
2025-07-19 21:27:54,660 - DEBUG - Starting plate detection...
2025-07-19 21:27:54,753 - DEBUG - YOLO detected 0 objects
2025-07-19 21:27:56,760 - DEBUG - Starting plate detection...
2025-07-19 21:27:56,854 - DEBUG - YOLO detected 0 objects
2025-07-19 21:27:58,879 - DEBUG - Starting plate detection...
2025-07-19 21:27:58,952 - DEBUG - YOLO detected 0 objects
2025-07-19 21:28:00,956 - DEBUG - Starting plate detection...
2025-07-19 21:28:01,045 - DEBUG - YOLO detected 0 objects
2025-07-19 21:28:03,086 - DEBUG - Starting plate detection...
2025-07-19 21:28:03,167 - DEBUG - YOLO detected 0 objects
2025-07-19 21:28:05,178 - DEBUG - Starting plate detection...
2025-07-19 21:28:05,269 - DEBUG - YOLO detected 0 objects
2025-07-19 21:28:07,277 - DEBUG - Starting plate detection...
2025-07-19 21:28:07,369 - DEBUG - YOLO detected 0 objects
2025-07-19 21:28:09,385 - DEBUG - Starting plate detection...
2025-07-19 21:28:09,468 - DEBUG - YOLO detected 0 objects
2025-07-19 21:28:11,491 - DEBUG - Starting plate detection...
2025-07-19 21:28:11,569 - DEBUG - YOLO detected 0 objects
2025-07-19 21:28:13,581 - DEBUG - Starting plate detection...
2025-07-19 21:28:13,669 - DEBUG - YOLO detected 0 objects
2025-07-19 21:28:15,691 - DEBUG - Starting plate detection...
2025-07-19 21:28:15,768 - DEBUG - YOLO detected 0 objects
2025-07-19 21:28:17,782 - DEBUG - Starting plate detection...
2025-07-19 21:28:17,874 - DEBUG - YOLO detected 0 objects
2025-07-19 21:28:19,887 - DEBUG - Starting plate detection...
2025-07-19 21:28:19,967 - DEBUG - YOLO detected 0 objects
2025-07-19 21:28:21,986 - DEBUG - Starting plate detection...
2025-07-19 21:28:22,069 - DEBUG - YOLO detected 0 objects
=======
2025-07-19 21:19:16,099 - INFO - Database setup complete
2025-07-19 21:19:16,099 - INFO - Loading YOLO model...
2025-07-19 21:19:19,163 - INFO - YOLO model loaded successfully
2025-07-19 21:19:19,163 - INFO - Loading OCR model...
2025-07-19 21:19:19,163 - WARNING - Using CPU. Note: This module is much faster with a GPU.
2025-07-19 21:19:20,633 - INFO - OCR model loaded successfully
2025-07-19 21:19:20,633 - INFO - Gokul MetaTech Vehicle Recognition System initialized
2025-07-19 21:19:33,182 - ERROR - Failed to open camera: http://192.168.29.145:8080/video
2025-07-19 21:19:45,755 - INFO - Database setup complete
2025-07-19 21:19:45,756 - INFO - Loading YOLO model...
2025-07-19 21:19:45,780 - INFO - YOLO model loaded successfully
2025-07-19 21:19:45,780 - INFO - Loading OCR model...
2025-07-19 21:19:45,780 - WARNING - Using CPU. Note: This module is much faster with a GPU.
2025-07-19 21:19:47,141 - INFO - OCR model loaded successfully
2025-07-19 21:19:47,142 - INFO - Gokul MetaTech Vehicle Recognition System initialized
2025-07-19 21:19:47,209 - INFO - Camera opened successfully
2025-07-19 21:26:37,959 - INFO - Database setup complete
2025-07-19 21:26:37,959 - INFO - Loading YOLO model...
2025-07-19 21:26:37,981 - INFO - YOLO model loaded successfully
2025-07-19 21:26:37,981 - INFO - Loading OCR model...
2025-07-19 21:26:37,981 - WARNING - Using CPU. Note: This module is much faster with a GPU.
2025-07-19 21:26:39,498 - INFO - OCR model loaded successfully
2025-07-19 21:26:39,498 - INFO - Gokul MetaTech Vehicle Recognition System initialized
2025-07-19 21:26:39,802 - INFO - Camera opened successfully
2025-07-19 21:26:41,830 - DEBUG - Starting plate detection...
2025-07-19 21:26:42,119 - DEBUG - YOLO detected 0 objects
2025-07-19 21:26:44,161 - DEBUG - Starting plate detection...
2025-07-19 21:26:44,240 - DEBUG - YOLO detected 0 objects
2025-07-19 21:26:46,266 - DEBUG - Starting plate detection...
2025-07-19 21:26:46,357 - DEBUG - YOLO detected 0 objects
2025-07-19 21:26:48,368 - DEBUG - Starting plate detection...
2025-07-19 21:26:48,456 - DEBUG - YOLO detected 0 objects
2025-07-19 21:26:50,467 - DEBUG - Starting plate detection...
2025-07-19 21:26:50,539 - DEBUG - YOLO detected 0 objects
2025-07-19 21:26:52,556 - DEBUG - Starting plate detection...
2025-07-19 21:26:52,639 - DEBUG - YOLO detected 0 objects
2025-07-19 21:26:54,663 - DEBUG - Starting plate detection...
2025-07-19 21:26:54,755 - DEBUG - YOLO detected 0 objects
2025-07-19 21:26:56,771 - DEBUG - Starting plate detection...
2025-07-19 21:26:56,838 - DEBUG - YOLO detected 0 objects
2025-07-19 21:26:58,865 - DEBUG - Starting plate detection...
2025-07-19 21:26:58,953 - DEBUG - YOLO detected 0 objects
2025-07-19 21:27:00,957 - DEBUG - Starting plate detection...
2025-07-19 21:27:01,043 - DEBUG - YOLO detected 0 objects
2025-07-19 21:27:03,059 - DEBUG - Starting plate detection...
2025-07-19 21:27:03,139 - DEBUG - YOLO detected 0 objects
2025-07-19 21:27:05,160 - DEBUG - Starting plate detection...
2025-07-19 21:27:05,239 - DEBUG - YOLO detected 0 objects
2025-07-19 21:27:07,258 - DEBUG - Starting plate detection...
2025-07-19 21:27:07,338 - DEBUG - YOLO detected 0 objects
2025-07-19 21:27:09,356 - DEBUG - Starting plate detection...
2025-07-19 21:27:09,438 - DEBUG - YOLO detected 0 objects
2025-07-19 21:27:11,455 - DEBUG - Starting plate detection...
2025-07-19 21:27:11,538 - DEBUG - YOLO detected 0 objects
2025-07-19 21:27:13,539 - DEBUG - Starting plate detection...
2025-07-19 21:27:13,623 - DEBUG - YOLO detected 0 objects
2025-07-19 21:27:15,656 - DEBUG - Starting plate detection...
2025-07-19 21:27:15,738 - DEBUG - YOLO detected 0 objects
2025-07-19 21:27:17,766 - DEBUG - Starting plate detection...
2025-07-19 21:27:17,853 - DEBUG - YOLO detected 0 objects
2025-07-19 21:27:19,861 - DEBUG - Starting plate detection...
2025-07-19 21:27:19,939 - DEBUG - YOLO detected 1 objects
2025-07-19 21:27:19,939 - DEBUG - Object 1: confidence=0.508, class=6.0
2025-07-19 21:27:19,939 - DEBUG - Plate region size: (347, 614, 3)
2025-07-19 21:27:20,149 - DEBUG - Running OCR on processed plate
2025-07-19 21:27:21,121 - DEBUG - OCR results count: 3
2025-07-19 21:27:21,121 - DEBUG - OCR text 1: 'IND' confidence=0.998
2025-07-19 21:27:21,121 - DEBUG - OCR text 2: 'KA 19 EQ' confidence=0.884
2025-07-19 21:27:21,121 - DEBUG - OCR text 3: '0001' confidence=0.559
2025-07-19 21:27:21,121 - DEBUG - Final cleaned text: 'IND KA 19 EQ'
2025-07-19 21:27:21,121 - INFO - Plate detected: 'IND KA 19 EQ' confidence=0.508
2025-07-19 21:27:21,136 - DEBUG - Average color (RGB): (177.5, 178.3, 176.5)
2025-07-19 21:27:21,137 - DEBUG - Material Red Material (Iron Ore): score=0.572
2025-07-19 21:27:21,137 - DEBUG - Material Yellow Material (Sand): score=0.659
2025-07-19 21:27:21,137 - DEBUG - Material Brown Material (Coal): score=0.535
2025-07-19 21:27:21,137 - DEBUG - Material Gray Material (Cement): score=0.696
2025-07-19 21:27:21,137 - DEBUG - Material Green Material (Fertilizer): score=0.573
2025-07-19 21:27:21,137 - DEBUG - Material Blue Material (Chemicals): score=0.571
2025-07-19 21:27:21,139 - DEBUG - Material White Material (Limestone): score=0.911
2025-07-19 21:27:21,139 - DEBUG - Material Black Material (Coal): score=0.461
2025-07-19 21:27:21,139 - DEBUG - Best material: White Material (Limestone) (score: 0.911)
2025-07-19 21:27:21,140 - INFO - Vehicle detected: Plate: IND KA 19 EQ | Material: White Material (Limestone) | Time: 21:27:21
2025-07-19 21:27:21,152 - INFO - Detection copied to clipboard
2025-07-19 21:27:23,163 - DEBUG - Starting plate detection...
2025-07-19 21:27:23,256 - DEBUG - YOLO detected 0 objects
2025-07-19 21:27:25,262 - DEBUG - Starting plate detection...
2025-07-19 21:27:25,354 - DEBUG - YOLO detected 0 objects
2025-07-19 21:27:27,373 - DEBUG - Starting plate detection...
2025-07-19 21:27:27,454 - DEBUG - YOLO detected 0 objects
2025-07-19 21:27:29,460 - DEBUG - Starting plate detection...
2025-07-19 21:27:29,553 - DEBUG - YOLO detected 0 objects
2025-07-19 21:27:31,558 - DEBUG - Starting plate detection...
2025-07-19 21:27:31,654 - DEBUG - YOLO detected 0 objects
2025-07-19 21:27:33,670 - DEBUG - Starting plate detection...
2025-07-19 21:27:33,754 - DEBUG - YOLO detected 0 objects
2025-07-19 21:27:35,763 - DEBUG - Starting plate detection...
2025-07-19 21:27:35,854 - DEBUG - YOLO detected 0 objects
2025-07-19 21:27:37,862 - DEBUG - Starting plate detection...
2025-07-19 21:27:37,953 - DEBUG - YOLO detected 0 objects
2025-07-19 21:27:39,965 - DEBUG - Starting plate detection...
2025-07-19 21:27:40,054 - DEBUG - YOLO detected 0 objects
2025-07-19 21:27:42,061 - DEBUG - Starting plate detection...
2025-07-19 21:27:42,153 - DEBUG - YOLO detected 0 objects
2025-07-19 21:27:44,167 - DEBUG - Starting plate detection...
2025-07-19 21:27:44,260 - DEBUG - YOLO detected 0 objects
2025-07-19 21:27:46,261 - DEBUG - Starting plate detection...
2025-07-19 21:27:46,336 - DEBUG - YOLO detected 0 objects
2025-07-19 21:27:48,354 - DEBUG - Starting plate detection...
2025-07-19 21:27:48,451 - DEBUG - YOLO detected 0 objects
2025-07-19 21:27:50,468 - DEBUG - Starting plate detection...
2025-07-19 21:27:50,553 - DEBUG - YOLO detected 0 objects
2025-07-19 21:27:52,558 - DEBUG - Starting plate detection...
2025-07-19 21:27:52,653 - DEBUG - YOLO detected 0 objects
2025-07-19 21:27:54,660 - DEBUG - Starting plate detection...
2025-07-19 21:27:54,753 - DEBUG - YOLO detected 0 objects
2025-07-19 21:27:56,760 - DEBUG - Starting plate detection...
2025-07-19 21:27:56,854 - DEBUG - YOLO detected 0 objects
2025-07-19 21:27:58,879 - DEBUG - Starting plate detection...
2025-07-19 21:27:58,952 - DEBUG - YOLO detected 0 objects
2025-07-19 21:28:00,956 - DEBUG - Starting plate detection...
2025-07-19 21:28:01,045 - DEBUG - YOLO detected 0 objects
2025-07-19 21:28:03,086 - DEBUG - Starting plate detection...
2025-07-19 21:28:03,167 - DEBUG - YOLO detected 0 objects
2025-07-19 21:28:05,178 - DEBUG - Starting plate detection...
2025-07-19 21:28:05,269 - DEBUG - YOLO detected 0 objects
2025-07-19 21:28:07,277 - DEBUG - Starting plate detection...
2025-07-19 21:28:07,369 - DEBUG - YOLO detected 0 objects
2025-07-19 21:28:09,385 - DEBUG - Starting plate detection...
2025-07-19 21:28:09,468 - DEBUG - YOLO detected 0 objects
2025-07-19 21:28:11,491 - DEBUG - Starting plate detection...
2025-07-19 21:28:11,569 - DEBUG - YOLO detected 0 objects
2025-07-19 21:28:13,581 - DEBUG - Starting plate detection...
2025-07-19 21:28:13,669 - DEBUG - YOLO detected 0 objects
2025-07-19 21:28:15,691 - DEBUG - Starting plate detection...
2025-07-19 21:28:15,768 - DEBUG - YOLO detected 0 objects
2025-07-19 21:28:17,782 - DEBUG - Starting plate detection...
2025-07-19 21:28:17,874 - DEBUG - YOLO detected 0 objects
2025-07-19 21:28:19,887 - DEBUG - Starting plate detection...
2025-07-19 21:28:19,967 - DEBUG - YOLO detected 0 objects
2025-07-19 21:28:21,986 - DEBUG - Starting plate detection...
2025-07-19 21:28:22,069 - DEBUG - YOLO detected 0 objects
>>>>>>> 85d2c42ac30bfa4da21618294e1b44d4c990b1f8
